<?xml version="1.0" encoding="UTF-8" ?>
<testsuite failures="0" time="0.767" errors="1" skipped="0" tests="4" name="org.openinfinity.sso.identityprovisioning.bpmn.ProcessEngineBridgeSpringIntegrationTest">
  <properties>
[...]
</properties>
  <testcase time="0.236" classname="org.openinfinity.sso.identityprovisioning.bpmn.ProcessEngineBridgeSpringIntegrationTest" name="givenKnownParameterMapWithKnownUserWhenStartingTheProcessThenTasksMustBeAvailableBasedOnTheProcessThenAfterClaimingOfTasksThereMustBeNoTasksAvailable">
    <error type="java.lang.NullPointerException">java.lang.NullPointerException
	at org.openinfinity.core.security.principal.Identity.getAuthorities(Identity.java:137)
	at org.openinfinity.sso.identityprovisioning.bpmn.ProcessEngineBridgeImpl.queryForTasksByUserRoles(ProcessEngineBridgeImpl.java:116)
	at org.openinfinity.sso.identityprovisioning.bpmn.ProcessEngineBridgeImpl$$FastClassByCGLIB$$999f662d.invoke(&lt;generated&gt;)
	at net.sf.cglib.proxy.MethodProxy.invoke(MethodProxy.java:191)
	at org.springframework.aop.framework.Cglib2AopProxy$CglibMethodInvocation.invokeJoinpoint(Cglib2AopProxy.java:689)
	at org.springframework.aop.framework.ReflectiveMethodInvocation.proceed(ReflectiveMethodInvocation.java:150)
	at org.springframework.aop.support.DelegatingIntroductionInterceptor.doProceed(DelegatingIntroductionInterceptor.java:131)
	at org.springframework.aop.support.DelegatingIntroductionInterceptor.invoke(DelegatingIntroductionInterceptor.java:119)
	at org.springframework.aop.framework.ReflectiveMethodInvocation.proceed(ReflectiveMethodInvocation.java:172)
	at org.springframework.aop.framework.Cglib2AopProxy$DynamicAdvisedInterceptor.intercept(Cglib2AopProxy.java:622)
	at org.openinfinity.sso.identityprovisioning.bpmn.ProcessEngineBridgeImpl$$EnhancerByCGLIB$$18422088.queryForTasksByUserRoles(&lt;generated&gt;)
	at org.openinfinity.sso.identityprovisioning.bpmn.ProcessEngineBridgeSpringIntegrationTest.givenKnownParameterMapWithKnownUserWhenStartingTheProcessThenTasksMustBeAvailableBasedOnTheProcessThenAfterClaimingOfTasksThereMustBeNoTasksAvailable(ProcessEngineBridgeSpringIntegrationTest.java:131)
	at sun.reflect.NativeMethodAccessorImpl.invoke0(Native Method)
	at sun.reflect.NativeMethodAccessorImpl.invoke(NativeMethodAccessorImpl.java:39)
	at sun.reflect.DelegatingMethodAccessorImpl.invoke(DelegatingMethodAccessorImpl.java:25)
	at java.lang.reflect.Method.invoke(Method.java:597)
	at org.junit.runners.model.FrameworkMethod$1.runReflectiveCall(FrameworkMethod.java:44)
	at org.junit.internal.runners.model.ReflectiveCallable.run(ReflectiveCallable.java:15)
	at org.junit.runners.model.FrameworkMethod.invokeExplosively(FrameworkMethod.java:41)
	at org.junit.internal.runners.statements.InvokeMethod.evaluate(InvokeMethod.java:20)
	at org.junit.internal.runners.statements.RunBefores.evaluate(RunBefores.java:28)
	at org.springframework.test.context.junit4.statements.RunBeforeTestMethodCallbacks.evaluate(RunBeforeTestMethodCallbacks.java:74)
	at org.springframework.test.context.junit4.statements.RunAfterTestMethodCallbacks.evaluate(RunAfterTestMethodCallbacks.java:83)
	at org.junit.rules.TestWatchman$1.evaluate(TestWatchman.java:48)
	at org.springframework.test.context.junit4.statements.SpringRepeat.evaluate(SpringRepeat.java:72)
	at org.springframework.test.context.junit4.SpringJUnit4ClassRunner.runChild(SpringJUnit4ClassRunner.java:231)
	at org.junit.runners.BlockJUnit4ClassRunner.runChild(BlockJUnit4ClassRunner.java:50)
	at org.junit.runners.ParentRunner$3.run(ParentRunner.java:193)
	at org.junit.runners.ParentRunner$1.schedule(ParentRunner.java:52)
	at org.junit.runners.ParentRunner.runChildren(ParentRunner.java:191)
	at org.junit.runners.ParentRunner.access$000(ParentRunner.java:42)
	at org.junit.runners.ParentRunner$2.evaluate(ParentRunner.java:184)
	at org.junit.internal.runners.statements.RunBefores.evaluate(RunBefores.java:28)
	at org.springframework.test.context.junit4.statements.RunBeforeTestClassCallbacks.evaluate(RunBeforeTestClassCallbacks.java:61)
	at org.springframework.test.context.junit4.statements.RunAfterTestClassCallbacks.evaluate(RunAfterTestClassCallbacks.java:71)
	at org.junit.runners.ParentRunner.run(ParentRunner.java:236)
	at org.springframework.test.context.junit4.SpringJUnit4ClassRunner.run(SpringJUnit4ClassRunner.java:174)
	at org.apache.maven.surefire.junit4.JUnit4TestSet.execute(JUnit4TestSet.java:35)
	at org.apache.maven.surefire.junit4.JUnit4Provider.executeTestSet(JUnit4Provider.java:115)
	at org.apache.maven.surefire.junit4.JUnit4Provider.invoke(JUnit4Provider.java:97)
	at sun.reflect.NativeMethodAccessorImpl.invoke0(Native Method)
	at sun.reflect.NativeMethodAccessorImpl.invoke(NativeMethodAccessorImpl.java:39)
	at sun.reflect.DelegatingMethodAccessorImpl.invoke(DelegatingMethodAccessorImpl.java:25)
	at java.lang.reflect.Method.invoke(Method.java:597)
	at org.apache.maven.surefire.booter.ProviderFactory$ClassLoaderProxy.invoke(ProviderFactory.java:103)
	at com.sun.proxy.$Proxy0.invoke(Unknown Source)
	at org.apache.maven.surefire.booter.SurefireStarter.invokeProvider(SurefireStarter.java:150)
	at org.apache.maven.surefire.booter.SurefireStarter.runSuitesInProcess(SurefireStarter.java:91)
	at org.apache.maven.surefire.booter.ForkedBooter.main(ForkedBooter.java:69)
</error>
    <system-out>@SLTests run: 1, Failures: 0, Errors: 0, Skipped: 0, Time elapsed: 2.693 sec
@SLRunning org.openinfinity.sso.identityprovisioning.bpmn.ProcessEngineBridgeSpringIntegrationTest
INFO : org.springframework.test.context.TestContextManager - @TestExecutionListeners is not present for class [class org.openinfinity.sso.identityprovisioning.bpmn.ProcessEngineBridgeSpringIntegrationTest]: using defaults.
INFO : org.activiti.engine.impl.bpmn.deployer.BpmnDeployer - Processing resource META-INF/bpmn/network-connection-order.spring.bpmn20.xml
INFO : org.activiti.engine.impl.bpmn.deployer.BpmnDeployer - Processing resource META-INF/bpmn/network-connection-order.spring.bpmn20.xml
</system-out>
  </testcase>
  <testcase time="0.243" classname="org.openinfinity.sso.identityprovisioning.bpmn.ProcessEngineBridgeSpringIntegrationTest" name="givenKnownParameterMapWithEntityThenStartingTheProcessThenUniqueIdOfTheProcessMustBeGiven"/>
  <testcase time="0.1" classname="org.openinfinity.sso.identityprovisioning.bpmn.ProcessEngineBridgeSpringIntegrationTest" name="givenKnownParameterMapWithEntityThenStartingTheProcessThenUniqueIdOfTheProcessMustBeGivenAndIdentityMustBeProvisioned"/>
  <testcase time="0.185" classname="org.openinfinity.sso.identityprovisioning.bpmn.ProcessEngineBridgeSpringIntegrationTest" name="givenKnownParameterMapWithEntityThenStartingTheProcessThenUniqueIdOfTheProcessMustBeGivenAndIdentityMustBeProvisioned2"/>
</testsuite>